<?xml version="1.0" encoding="UTF-8"?>
<!-- Generated by org.testng.reporters.JUnitXMLReporter -->
<testsuite ignored="0" hostname="LTIN485847" failures="1" tests="8" name="Chrome Test" time="93.13" errors="0" timestamp="2024-02-15T09:59:09 IST">
  <testcase classname="testPack.HeaderTest" name="company" time="16.677"/>
  <testcase classname="testPack.HeaderTest" name="serviceLines" time="4.135"/>
  <testcase classname="testPack.HeaderTest" name="salesResources" time="1.365"/>
  <testcase classname="testPack.HeaderTest" name="marketsAndCountries" time="7.769"/>
  <testcase classname="testPack.HeaderTest" name="corporateFunctions" time="8.32"/>
  <testcase classname="testPack.HeaderTest" name="people" time="5.25"/>
  <testcase classname="testPack.HeaderTest" name="userValidation" time="4.962">
    <failure type="java.lang.AssertionError" message="test passed expected [true] but found [false]">
      <![CDATA[java.lang.AssertionError: test passed expected [true] but found [false]
at testPack.HeaderTest.userValidation(HeaderTest.java:168)
at java.base/java.util.ArrayList.forEach(ArrayList.java:1511)
... Removed 33 stack frames]]>
    </failure>
  </testcase> <!-- userValidation -->
  <testcase classname="testPack.HeaderTest" name="ethicsAndCompilance" time="13.905"/>
</testsuite> <!-- Chrome Test -->
