<?xml version="1.0" encoding="UTF-8"?>
<testng-results ignored="0" total="16" passed="15" failed="1" skipped="0">
  <reporter-output>
  </reporter-output>
  <suite started-at="2024-02-15T09:56:30 IST" name="Suite" finished-at="2024-02-15T09:59:09 IST" duration-ms="159249">
    <groups>
      <group name="regression">
        <method signature="HeaderTest.company()[pri:2, instance:testPack.HeaderTest@793f29ff]" name="company" class="testPack.HeaderTest"/>
        <method signature="HeaderTest.serviceLines()[pri:3, instance:testPack.HeaderTest@793f29ff]" name="serviceLines" class="testPack.HeaderTest"/>
        <method signature="HeaderTest.salesResources()[pri:4, instance:testPack.HeaderTest@793f29ff]" name="salesResources" class="testPack.HeaderTest"/>
        <method signature="HeaderTest.marketsAndCountries()[pri:5, instance:testPack.HeaderTest@793f29ff]" name="marketsAndCountries" class="testPack.HeaderTest"/>
        <method signature="HeaderTest.corporateFunctions()[pri:6, instance:testPack.HeaderTest@793f29ff]" name="corporateFunctions" class="testPack.HeaderTest"/>
        <method signature="HeaderTest.people()[pri:7, instance:testPack.HeaderTest@793f29ff]" name="people" class="testPack.HeaderTest"/>
        <method signature="HeaderTest.userValidation()[pri:8, instance:testPack.HeaderTest@793f29ff]" name="userValidation" class="testPack.HeaderTest"/>
        <method signature="HeaderTest.ethicsAndCompilance()[pri:9, instance:testPack.HeaderTest@793f29ff]" name="ethicsAndCompilance" class="testPack.HeaderTest"/>
        <method signature="HeaderTest.company()[pri:2, instance:testPack.HeaderTest@4681c175]" name="company" class="testPack.HeaderTest"/>
        <method signature="HeaderTest.serviceLines()[pri:3, instance:testPack.HeaderTest@4681c175]" name="serviceLines" class="testPack.HeaderTest"/>
        <method signature="HeaderTest.salesResources()[pri:4, instance:testPack.HeaderTest@4681c175]" name="salesResources" class="testPack.HeaderTest"/>
        <method signature="HeaderTest.marketsAndCountries()[pri:5, instance:testPack.HeaderTest@4681c175]" name="marketsAndCountries" class="testPack.HeaderTest"/>
        <method signature="HeaderTest.corporateFunctions()[pri:6, instance:testPack.HeaderTest@4681c175]" name="corporateFunctions" class="testPack.HeaderTest"/>
        <method signature="HeaderTest.people()[pri:7, instance:testPack.HeaderTest@4681c175]" name="people" class="testPack.HeaderTest"/>
        <method signature="HeaderTest.userValidation()[pri:8, instance:testPack.HeaderTest@4681c175]" name="userValidation" class="testPack.HeaderTest"/>
        <method signature="HeaderTest.ethicsAndCompilance()[pri:9, instance:testPack.HeaderTest@4681c175]" name="ethicsAndCompilance" class="testPack.HeaderTest"/>
      </group> <!-- regression -->
    </groups>
    <test started-at="2024-02-15T09:56:30 IST" name="Edge Test" finished-at="2024-02-15T09:57:35 IST" duration-ms="65754">
      <class name="testPack.HeaderTest">
        <test-method is-config="true" signature="setup(java.lang.String,java.lang.String)[pri:0, instance:testPack.HeaderTest@793f29ff]" started-at="2024-02-15T09:56:30 IST" name="setup" finished-at="2024-02-15T09:56:42 IST" duration-ms="11806" status="PASS">
          <params>
            <param index="0">
              <value>
                <![CDATA[Edge]]>
              </value>
            </param>
            <param index="1">
              <value>
                <![CDATA[https://cognizantonline.sharepoint.com/sites/Be.Cognizant/SitePages/Home.aspx]]>
              </value>
            </param>
          </params>
          <reporter-output>
          </reporter-output>
        </test-method> <!-- setup -->
        <test-method signature="company()[pri:2, instance:testPack.HeaderTest@793f29ff]" started-at="2024-02-15T09:56:42 IST" name="company" finished-at="2024-02-15T09:56:59 IST" duration-ms="17672" status="PASS">
          <reporter-output>
          </reporter-output>
        </test-method> <!-- company -->
        <test-method signature="serviceLines()[pri:3, instance:testPack.HeaderTest@793f29ff]" started-at="2024-02-15T09:57:00 IST" name="serviceLines" finished-at="2024-02-15T09:57:04 IST" duration-ms="4219" status="PASS">
          <reporter-output>
          </reporter-output>
        </test-method> <!-- serviceLines -->
        <test-method signature="salesResources()[pri:4, instance:testPack.HeaderTest@793f29ff]" started-at="2024-02-15T09:57:04 IST" name="salesResources" finished-at="2024-02-15T09:57:06 IST" duration-ms="1386" status="PASS">
          <reporter-output>
          </reporter-output>
        </test-method> <!-- salesResources -->
        <test-method signature="marketsAndCountries()[pri:5, instance:testPack.HeaderTest@793f29ff]" started-at="2024-02-15T09:57:06 IST" name="marketsAndCountries" finished-at="2024-02-15T09:57:14 IST" duration-ms="7853" status="PASS">
          <reporter-output>
          </reporter-output>
        </test-method> <!-- marketsAndCountries -->
        <test-method signature="corporateFunctions()[pri:6, instance:testPack.HeaderTest@793f29ff]" started-at="2024-02-15T09:57:14 IST" name="corporateFunctions" finished-at="2024-02-15T09:57:22 IST" duration-ms="8433" status="PASS">
          <reporter-output>
          </reporter-output>
        </test-method> <!-- corporateFunctions -->
        <test-method signature="people()[pri:7, instance:testPack.HeaderTest@793f29ff]" started-at="2024-02-15T09:57:23 IST" name="people" finished-at="2024-02-15T09:57:28 IST" duration-ms="5236" status="PASS">
          <reporter-output>
          </reporter-output>
        </test-method> <!-- people -->
        <test-method signature="userValidation()[pri:8, instance:testPack.HeaderTest@793f29ff]" started-at="2024-02-15T09:57:28 IST" name="userValidation" finished-at="2024-02-15T09:57:29 IST" duration-ms="495" status="PASS">
          <reporter-output>
          </reporter-output>
        </test-method> <!-- userValidation -->
        <test-method signature="ethicsAndCompilance()[pri:9, instance:testPack.HeaderTest@793f29ff]" started-at="2024-02-15T09:57:29 IST" name="ethicsAndCompilance" finished-at="2024-02-15T09:57:34 IST" duration-ms="4974" status="PASS">
          <reporter-output>
          </reporter-output>
        </test-method> <!-- ethicsAndCompilance -->
        <test-method is-config="true" signature="tearDown()[pri:0, instance:testPack.HeaderTest@793f29ff]" started-at="2024-02-15T09:57:34 IST" name="tearDown" finished-at="2024-02-15T09:57:35 IST" duration-ms="1152" status="PASS">
          <reporter-output>
          </reporter-output>
        </test-method> <!-- tearDown -->
      </class> <!-- testPack.HeaderTest -->
    </test> <!-- Edge Test -->
    <test started-at="2024-02-15T09:57:36 IST" name="Chrome Test" finished-at="2024-02-15T09:59:09 IST" duration-ms="93130">
      <class name="testPack.HeaderTest">
        <test-method is-config="true" signature="setup(java.lang.String,java.lang.String)[pri:0, instance:testPack.HeaderTest@4681c175]" started-at="2024-02-15T09:57:36 IST" name="setup" finished-at="2024-02-15T09:58:03 IST" duration-ms="27498" status="PASS">
          <params>
            <param index="0">
              <value>
                <![CDATA[chrome]]>
              </value>
            </param>
            <param index="1">
              <value>
                <![CDATA[https://cognizantonline.sharepoint.com/sites/Be.Cognizant/SitePages/Home.aspx]]>
              </value>
            </param>
          </params>
          <reporter-output>
          </reporter-output>
        </test-method> <!-- setup -->
        <test-method signature="company()[pri:2, instance:testPack.HeaderTest@4681c175]" started-at="2024-02-15T09:58:03 IST" name="company" finished-at="2024-02-15T09:58:20 IST" duration-ms="16677" status="PASS">
          <reporter-output>
          </reporter-output>
        </test-method> <!-- company -->
        <test-method signature="serviceLines()[pri:3, instance:testPack.HeaderTest@4681c175]" started-at="2024-02-15T09:58:20 IST" name="serviceLines" finished-at="2024-02-15T09:58:24 IST" duration-ms="4135" status="PASS">
          <reporter-output>
          </reporter-output>
        </test-method> <!-- serviceLines -->
        <test-method signature="salesResources()[pri:4, instance:testPack.HeaderTest@4681c175]" started-at="2024-02-15T09:58:25 IST" name="salesResources" finished-at="2024-02-15T09:58:26 IST" duration-ms="1365" status="PASS">
          <reporter-output>
          </reporter-output>
        </test-method> <!-- salesResources -->
        <test-method signature="marketsAndCountries()[pri:5, instance:testPack.HeaderTest@4681c175]" started-at="2024-02-15T09:58:26 IST" name="marketsAndCountries" finished-at="2024-02-15T09:58:34 IST" duration-ms="7769" status="PASS">
          <reporter-output>
          </reporter-output>
        </test-method> <!-- marketsAndCountries -->
        <test-method signature="corporateFunctions()[pri:6, instance:testPack.HeaderTest@4681c175]" started-at="2024-02-15T09:58:34 IST" name="corporateFunctions" finished-at="2024-02-15T09:58:43 IST" duration-ms="8320" status="PASS">
          <reporter-output>
          </reporter-output>
        </test-method> <!-- corporateFunctions -->
        <test-method signature="people()[pri:7, instance:testPack.HeaderTest@4681c175]" started-at="2024-02-15T09:58:43 IST" name="people" finished-at="2024-02-15T09:58:48 IST" duration-ms="5250" status="PASS">
          <reporter-output>
          </reporter-output>
        </test-method> <!-- people -->
        <test-method signature="userValidation()[pri:8, instance:testPack.HeaderTest@4681c175]" started-at="2024-02-15T09:58:49 IST" name="userValidation" finished-at="2024-02-15T09:58:54 IST" duration-ms="4962" status="FAIL">
          <exception class="java.lang.AssertionError">
            <message>
              <![CDATA[test passed expected [true] but found [false]]]>
            </message>
            <full-stacktrace>
              <![CDATA[java.lang.AssertionError: test passed expected [true] but found [false]
at org.testng.Assert.fail(Assert.java:111)
at org.testng.Assert.failNotEquals(Assert.java:1578)
at org.testng.Assert.assertEqualsImpl(Assert.java:150)
at org.testng.Assert.assertEquals(Assert.java:132)
at org.testng.Assert.assertEquals(Assert.java:1067)
at org.testng.Assert.assertEquals(Assert.java:1031)
at testPack.HeaderTest.userValidation(HeaderTest.java:168)
at java.base/jdk.internal.reflect.NativeMethodAccessorImpl.invoke0(Native Method)
at java.base/jdk.internal.reflect.NativeMethodAccessorImpl.invoke(NativeMethodAccessorImpl.java:77)
at java.base/jdk.internal.reflect.DelegatingMethodAccessorImpl.invoke(DelegatingMethodAccessorImpl.java:43)
at java.base/java.lang.reflect.Method.invoke(Method.java:568)
at org.testng.internal.invokers.MethodInvocationHelper.invokeMethod(MethodInvocationHelper.java:139)
at org.testng.internal.invokers.TestInvoker.invokeMethod(TestInvoker.java:664)
at org.testng.internal.invokers.TestInvoker.invokeTestMethod(TestInvoker.java:228)
at org.testng.internal.invokers.MethodRunner.runInSequence(MethodRunner.java:63)
at org.testng.internal.invokers.TestInvoker$MethodInvocationAgent.invoke(TestInvoker.java:961)
at org.testng.internal.invokers.TestInvoker.invokeTestMethods(TestInvoker.java:201)
at org.testng.internal.invokers.TestMethodWorker.invokeTestMethods(TestMethodWorker.java:148)
at org.testng.internal.invokers.TestMethodWorker.run(TestMethodWorker.java:128)
at java.base/java.util.ArrayList.forEach(ArrayList.java:1511)
at org.testng.TestRunner.privateRun(TestRunner.java:819)
at org.testng.TestRunner.run(TestRunner.java:619)
at org.testng.SuiteRunner.runTest(SuiteRunner.java:443)
at org.testng.SuiteRunner.runSequentially(SuiteRunner.java:437)
at org.testng.SuiteRunner.privateRun(SuiteRunner.java:397)
at org.testng.SuiteRunner.run(SuiteRunner.java:336)
at org.testng.SuiteRunnerWorker.runSuite(SuiteRunnerWorker.java:52)
at org.testng.SuiteRunnerWorker.run(SuiteRunnerWorker.java:95)
at org.testng.TestNG.runSuitesSequentially(TestNG.java:1301)
at org.testng.TestNG.runSuitesLocally(TestNG.java:1228)
at org.testng.TestNG.runSuites(TestNG.java:1134)
at org.testng.TestNG.run(TestNG.java:1101)
at org.testng.remote.AbstractRemoteTestNG.run(AbstractRemoteTestNG.java:115)
at org.testng.remote.RemoteTestNG.initAndRun(RemoteTestNG.java:251)
at org.testng.remote.RemoteTestNG.main(RemoteTestNG.java:77)
]]>
            </full-stacktrace>
          </exception> <!-- java.lang.AssertionError -->
          <reporter-output>
          </reporter-output>
        </test-method> <!-- userValidation -->
        <test-method signature="ethicsAndCompilance()[pri:9, instance:testPack.HeaderTest@4681c175]" started-at="2024-02-15T09:58:54 IST" name="ethicsAndCompilance" finished-at="2024-02-15T09:59:08 IST" duration-ms="13905" status="PASS">
          <reporter-output>
          </reporter-output>
        </test-method> <!-- ethicsAndCompilance -->
        <test-method is-config="true" signature="tearDown()[pri:0, instance:testPack.HeaderTest@4681c175]" started-at="2024-02-15T09:59:08 IST" name="tearDown" finished-at="2024-02-15T09:59:09 IST" duration-ms="1097" status="PASS">
          <reporter-output>
          </reporter-output>
        </test-method> <!-- tearDown -->
      </class> <!-- testPack.HeaderTest -->
    </test> <!-- Chrome Test -->
  </suite> <!-- Suite -->
</testng-results>
