<?xml version="1.0" encoding="UTF-8"?>
<!-- Generated by org.testng.reporters.JUnitReportReporter -->
<testsuite hostname="LTIN485847" failures="1" tests="16" name="testPack.HeaderTest" time="112.651" errors="0" timestamp="2024-02-15T09:59:09 IST" skipped="0">
  <testcase classname="testPack.HeaderTest" name="company" time="17.672"/>
  <testcase classname="testPack.HeaderTest" name="company" time="16.677"/>
  <testcase classname="testPack.HeaderTest" name="serviceLines" time="4.219"/>
  <testcase classname="testPack.HeaderTest" name="serviceLines" time="4.135"/>
  <testcase classname="testPack.HeaderTest" name="salesResources" time="1.386"/>
  <testcase classname="testPack.HeaderTest" name="salesResources" time="1.365"/>
  <testcase classname="testPack.HeaderTest" name="marketsAndCountries" time="7.853"/>
  <testcase classname="testPack.HeaderTest" name="marketsAndCountries" time="7.769"/>
  <testcase classname="testPack.HeaderTest" name="corporateFunctions" time="8.433"/>
  <testcase classname="testPack.HeaderTest" name="corporateFunctions" time="8.320"/>
  <testcase classname="testPack.HeaderTest" name="people" time="5.250"/>
  <testcase classname="testPack.HeaderTest" name="people" time="5.236"/>
  <testcase classname="testPack.HeaderTest" name="userValidation" time="4.962">
    <failure message="test passed expected [true] but found [false]" type="java.lang.AssertionError">
      <![CDATA[java.lang.AssertionError: test passed expected [true] but found [false]
at org.testng.Assert.fail(Assert.java:111)
at org.testng.Assert.failNotEquals(Assert.java:1578)
at org.testng.Assert.assertEqualsImpl(Assert.java:150)
at org.testng.Assert.assertEquals(Assert.java:132)
at org.testng.Assert.assertEquals(Assert.java:1067)
at org.testng.Assert.assertEquals(Assert.java:1031)
at testPack.HeaderTest.userValidation(HeaderTest.java:168)
at java.base/jdk.internal.reflect.NativeMethodAccessorImpl.invoke0(Native Method)
at java.base/jdk.internal.reflect.NativeMethodAccessorImpl.invoke(NativeMethodAccessorImpl.java:77)
at java.base/jdk.internal.reflect.DelegatingMethodAccessorImpl.invoke(DelegatingMethodAccessorImpl.java:43)
at java.base/java.lang.reflect.Method.invoke(Method.java:568)
at org.testng.internal.invokers.MethodInvocationHelper.invokeMethod(MethodInvocationHelper.java:139)
at org.testng.internal.invokers.TestInvoker.invokeMethod(TestInvoker.java:664)
at org.testng.internal.invokers.TestInvoker.invokeTestMethod(TestInvoker.java:228)
at org.testng.internal.invokers.MethodRunner.runInSequence(MethodRunner.java:63)
at org.testng.internal.invokers.TestInvoker$MethodInvocationAgent.invoke(TestInvoker.java:961)
at org.testng.internal.invokers.TestInvoker.invokeTestMethods(TestInvoker.java:201)
at org.testng.internal.invokers.TestMethodWorker.invokeTestMethods(TestMethodWorker.java:148)
at org.testng.internal.invokers.TestMethodWorker.run(TestMethodWorker.java:128)
at java.base/java.util.ArrayList.forEach(ArrayList.java:1511)
at org.testng.TestRunner.privateRun(TestRunner.java:819)
at org.testng.TestRunner.run(TestRunner.java:619)
at org.testng.SuiteRunner.runTest(SuiteRunner.java:443)
at org.testng.SuiteRunner.runSequentially(SuiteRunner.java:437)
at org.testng.SuiteRunner.privateRun(SuiteRunner.java:397)
at org.testng.SuiteRunner.run(SuiteRunner.java:336)
at org.testng.SuiteRunnerWorker.runSuite(SuiteRunnerWorker.java:52)
at org.testng.SuiteRunnerWorker.run(SuiteRunnerWorker.java:95)
at org.testng.TestNG.runSuitesSequentially(TestNG.java:1301)
at org.testng.TestNG.runSuitesLocally(TestNG.java:1228)
at org.testng.TestNG.runSuites(TestNG.java:1134)
at org.testng.TestNG.run(TestNG.java:1101)
at org.testng.remote.AbstractRemoteTestNG.run(AbstractRemoteTestNG.java:115)
at org.testng.remote.RemoteTestNG.initAndRun(RemoteTestNG.java:251)
at org.testng.remote.RemoteTestNG.main(RemoteTestNG.java:77)
]]>
    </failure>
  </testcase> <!-- userValidation -->
  <testcase classname="testPack.HeaderTest" name="userValidation" time="0.495"/>
  <testcase classname="testPack.HeaderTest" name="ethicsAndCompilance" time="13.905"/>
  <testcase classname="testPack.HeaderTest" name="ethicsAndCompilance" time="4.974"/>
</testsuite> <!-- testPack.HeaderTest -->
